Started at Sun Nov 29 22:11:15 UTC 2020
Processing CI
Offering CI to Project Build Discarder
Processing Coddepull
Offering Coddepull to Project Build Discarder
Processing Job1
Offering Job1 to Project Build Discarder
Processing pipline
Offering pipline to Project Build Discarder
Processing test
Offering test to Project Build Discarder
Finished at Sun Nov 29 22:11:16 UTC 2020. 12ms
Started at Sun Nov 29 23:11:16 UTC 2020
Processing CI
Offering CI to Project Build Discarder
Processing Coddepull
Offering Coddepull to Project Build Discarder
Processing Job1
Offering Job1 to Project Build Discarder
Processing pipline
Offering pipline to Project Build Discarder
Processing test
Offering test to Project Build Discarder
Finished at Sun Nov 29 23:11:16 UTC 2020. 7ms
Started at Mon Nov 30 00:11:15 UTC 2020
Processing CI
Offering CI to Project Build Discarder
Processing Coddepull
Offering Coddepull to Project Build Discarder
Processing Job1
Offering Job1 to Project Build Discarder
Processing pipline
Offering pipline to Project Build Discarder
Processing test
Offering test to Project Build Discarder
Finished at Mon Nov 30 00:11:16 UTC 2020. 29ms
